2026/01/07 22:09:49 maxprocs: Leaving GOMAXPROCS=16: CPU quota undefined
time=2026-01-07T22:09:51.377Z level=INFO msg="master started" pid=37646 workerPID=37669
2026/01/07 22:09:51 maxprocs: Leaving GOMAXPROCS=16: CPU quota undefined
time=2026-01-07T22:09:52.291Z level=INFO msg="executing init hook"
time=2026-01-07T22:09:53.151Z level=INFO msg="starting server" id=test_server bind=127.0.0.1:18001 transporter=netpoll
time=2026-01-07T22:09:53.152Z level=NOTICE msg="bifrost is started successfully" pid=37669 routes=0 services=0 middlewares=0 upstreams=0 readinessCheckDuration=2ms
time=2026-01-07T22:09:53.194Z level=INFO msg="worker ready" workerPID=37669
time=2026-01-07T22:09:53.195Z level=INFO msg="initial worker is ready"
time=2026-01-07T22:09:53.250Z level=INFO msg="worker exited" pid=37669 exitCode=-1 error="signal: killed"
time=2026-01-07T22:09:53.250Z level=WARN msg="worker exited unexpectedly, restarting" backoff=1s
2026/01/07 22:09:54 maxprocs: Leaving GOMAXPROCS=16: CPU quota undefined
time=2026-01-07T22:09:55.154Z level=INFO msg="executing init hook"
time=2026-01-07T22:09:56.034Z level=INFO msg="starting server" id=test_server bind=127.0.0.1:18001 transporter=netpoll
time=2026-01-07T22:09:56.035Z level=NOTICE msg="bifrost is started successfully" pid=37725 routes=0 services=0 middlewares=0 upstreams=0 readinessCheckDuration=1ms
time=2026-01-07T22:09:56.055Z level=INFO msg="worker ready" workerPID=37725
time=2026-01-07T22:09:58.268Z level=NOTICE msg="received SIGHUP, triggering hot reload"
time=2026-01-07T22:09:58.269Z level=INFO msg="starting hot reload" oldWorkerPID=37725
time=2026-01-07T22:09:58.269Z level=INFO msg="sending FDs to Master" count=1
time=2026-01-07T22:09:58.269Z level=INFO msg="successfully received transferred FDs" count=1 keys=1
time=2026-01-07T22:09:58.271Z level=INFO msg="drained stale ready signal"
2026/01/07 22:09:58 maxprocs: Leaving GOMAXPROCS=16: CPU quota undefined
time=2026-01-07T22:09:59.218Z level=INFO msg="executing init hook"
time=2026-01-07T22:10:00.062Z level=INFO msg="inherited listeners from Master" count=1
time=2026-01-07T22:10:00.062Z level=INFO msg="file Listener is created from inheritance" addr=127.0.0.1:18001 key=127.0.0.1:18001
time=2026-01-07T22:10:00.062Z level=INFO msg="get listener from cache" addr=127.0.0.1:18001
time=2026-01-07T22:10:00.062Z level=INFO msg="starting server" id=test_server bind=127.0.0.1:18001 transporter=netpoll
time=2026-01-07T22:10:00.063Z level=NOTICE msg="bifrost is started successfully" pid=37771 routes=0 services=0 middlewares=0 upstreams=0 readinessCheckDuration=0s
time=2026-01-07T22:10:00.119Z level=INFO msg="worker ready" workerPID=37771
time=2026-01-07T22:10:00.120Z level=INFO msg="new worker is ready" newWorkerPID=37771
time=2026-01-07T22:10:00.120Z level=INFO msg="stopping old worker" oldWorkerPID=37725
time=2026-01-07T22:10:00.120Z level=NOTICE msg="hot reload completed" oldWorkerPID=37725 newWorkerPID=37771
time=2026-01-07T22:10:00.121Z level=NOTICE msg="bifrost is shutdown successfully" pid=37725
time=2026-01-07T22:10:03.312Z level=INFO msg="received shutdown signal" signal=terminated
time=2026-01-07T22:10:03.312Z level=INFO msg="master shutting down"
time=2026-01-07T22:10:03.313Z level=NOTICE msg="bifrost is shutdown successfully" pid=37771
time=2026-01-07T22:10:03.321Z level=INFO msg="worker exited" pid=37771 exitCode=-1 error=<nil>
time=2026-01-07T22:10:03.321Z level=INFO msg="worker exited gracefully"
